  Wolf.cpp
c:\users\803 7496\documents\github\runaway\runaway\runaway\item.h(58): warning C4244: 'argument': conversion from 'const int' to 'const float', possible loss of data
  Werewolf.cpp
c:\users\803 7496\documents\github\runaway\runaway\runaway\item.h(58): warning C4244: 'argument': conversion from 'const int' to 'const float', possible loss of data
  Sword.cpp
c:\users\803 7496\documents\github\runaway\runaway\runaway\item.h(58): warning C4244: 'argument': conversion from 'const int' to 'const float', possible loss of data
  Player.cpp
c:\users\803 7496\documents\github\runaway\runaway\runaway\item.h(58): warning C4244: 'argument': conversion from 'const int' to 'const float', possible loss of data
  Orga.cpp
c:\users\803 7496\documents\github\runaway\runaway\runaway\item.h(58): warning C4244: 'argument': conversion from 'const int' to 'const float', possible loss of data
  Meat.cpp
c:\users\803 7496\documents\github\runaway\runaway\runaway\item.h(58): warning C4244: 'argument': conversion from 'const int' to 'const float', possible loss of data
  MainMenuScreen.cpp
c:\users\803 7496\documents\github\runaway\runaway\deps\include\cegui\exceptions.h(41): warning C4275: non dll-interface class 'std::exception' used as base for dll-interface class 'CEGUI::Exception'
  c:\program files (x86)\microsoft visual studio 14.0\vc\include\vcruntime_exception.h(43): note: see declaration of 'std::exception'
  c:\users\803 7496\documents\github\runaway\runaway\deps\include\cegui\exceptions.h(40): note: see declaration of 'CEGUI::Exception'
  main.cpp
c:\users\803 7496\documents\github\runaway\runaway\deps\include\cegui\exceptions.h(41): warning C4275: non dll-interface class 'std::exception' used as base for dll-interface class 'CEGUI::Exception'
  c:\program files (x86)\microsoft visual studio 14.0\vc\include\vcruntime_exception.h(43): note: see declaration of 'std::exception'
  c:\users\803 7496\documents\github\runaway\runaway\deps\include\cegui\exceptions.h(40): note: see declaration of 'CEGUI::Exception'
c:\users\803 7496\documents\github\runaway\runaway\runaway\item.h(58): warning C4244: 'argument': conversion from 'const int' to 'const float', possible loss of data
  LevelOneScreen.cpp
c:\users\803 7496\documents\github\runaway\runaway\deps\include\cegui\exceptions.h(41): warning C4275: non dll-interface class 'std::exception' used as base for dll-interface class 'CEGUI::Exception'
  c:\program files (x86)\microsoft visual studio 14.0\vc\include\vcruntime_exception.h(43): note: see declaration of 'std::exception'
  c:\users\803 7496\documents\github\runaway\runaway\deps\include\cegui\exceptions.h(40): note: see declaration of 'CEGUI::Exception'
c:\users\803 7496\documents\github\runaway\runaway\runaway\item.h(58): warning C4244: 'argument': conversion from 'const int' to 'const float', possible loss of data
c:\users\803 7496\documents\github\runaway\runaway\runaway\levelonescreen.cpp(67): warning C4305: 'argument': truncation from 'double' to 'float'
c:\users\803 7496\documents\github\runaway\runaway\runaway\levelonescreen.cpp(128): warning C4305: 'argument': truncation from 'double' to 'GLclampf'
  LevelManager.cpp
  Potion.cpp
c:\users\803 7496\documents\github\runaway\runaway\runaway\item.h(58): warning C4244: 'argument': conversion from 'const int' to 'const float', possible loss of data
  LevelTwoScreen.cpp
c:\users\803 7496\documents\github\runaway\runaway\deps\include\cegui\exceptions.h(41): warning C4275: non dll-interface class 'std::exception' used as base for dll-interface class 'CEGUI::Exception'
  c:\program files (x86)\microsoft visual studio 14.0\vc\include\vcruntime_exception.h(43): note: see declaration of 'std::exception'
  c:\users\803 7496\documents\github\runaway\runaway\deps\include\cegui\exceptions.h(40): note: see declaration of 'CEGUI::Exception'
c:\users\803 7496\documents\github\runaway\runaway\runaway\item.h(58): warning C4244: 'argument': conversion from 'const int' to 'const float', possible loss of data
c:\users\803 7496\documents\github\runaway\runaway\runaway\leveltwoscreen.cpp(62): warning C4305: 'argument': truncation from 'double' to 'float'
c:\users\803 7496\documents\github\runaway\runaway\runaway\leveltwoscreen.cpp(132): warning C4305: 'argument': truncation from 'double' to 'GLclampf'
  Fish.cpp
c:\users\803 7496\documents\github\runaway\runaway\runaway\item.h(58): warning C4244: 'argument': conversion from 'const int' to 'const float', possible loss of data
  App.cpp
c:\users\803 7496\documents\github\runaway\runaway\deps\include\cegui\exceptions.h(41): warning C4275: non dll-interface class 'std::exception' used as base for dll-interface class 'CEGUI::Exception'
  c:\program files (x86)\microsoft visual studio 14.0\vc\include\vcruntime_exception.h(43): note: see declaration of 'std::exception'
  c:\users\803 7496\documents\github\runaway\runaway\deps\include\cegui\exceptions.h(40): note: see declaration of 'CEGUI::Exception'
c:\users\803 7496\documents\github\runaway\runaway\runaway\item.h(58): warning C4244: 'argument': conversion from 'const int' to 'const float', possible loss of data
  Generating Code...
  LINK : program database C:\Users\803 7496\Documents\GitHub\RunAway\RunAway\Debug\RunAway.pdb missing; performing full link
  RunAway.vcxproj -> C:\Users\803 7496\Documents\GitHub\RunAway\RunAway\Debug\RunAway.exe
  RunAway.vcxproj -> C:\Users\803 7496\Documents\GitHub\RunAway\RunAway\Debug\RunAway.pdb (Partial PDB)
