  AudioEngine.cpp
  Camera2D.cpp
  DebugRenderer.cpp
  GUI.cpp
C:\Users\803 7496\Documents\GitHub\RunAway\RunAway\deps\include\CEGUI/Exceptions.h(41): warning C4275: non dll-interface class 'std::exception' used as base for dll-interface class 'CEGUI::Exception'
  C:\Program Files (x86)\Microsoft Visual Studio 14.0\VC\include\vcruntime_exception.h(43): note: see declaration of 'std::exception'
  C:\Users\803 7496\Documents\GitHub\RunAway\RunAway\deps\include\CEGUI/Exceptions.h(40): note: see declaration of 'CEGUI::Exception'
  IMainGame.cpp
  MasaEngineError.cpp
  GL_SL_Program.cpp
  ImageLoader.cpp
  InputManager.cpp
  IOManager.cpp
  MasaEngine.cpp
  ParticleBatch2D.cpp
  ParticleEngine2D.cpp
  picoPNG.cpp
  ResourceManager.cpp
  ScreenList.cpp
  Sprite.cpp
  SpriteBatch.cpp
  SpriteFont.cpp
  TextureCache.cpp
  Compiling...
  Timing.cpp
  Window.cpp
SDL2_ttf.lib(SDL2_ttf.dll) : warning LNK4006: __NULL_IMPORT_DESCRIPTOR already defined in SDL2.lib(SDL2.dll); second definition ignored
SDL2_mixer.lib(SDL2_mixer.dll) : warning LNK4006: __NULL_IMPORT_DESCRIPTOR already defined in SDL2.lib(SDL2.dll); second definition ignored
freeglut.lib(freeglut.dll) : warning LNK4006: __NULL_IMPORT_DESCRIPTOR already defined in SDL2.lib(SDL2.dll); second definition ignored
glew32.lib(glew32.dll) : warning LNK4006: __NULL_IMPORT_DESCRIPTOR already defined in SDL2.lib(SDL2.dll); second definition ignored
opengl32.lib(OPENGL32.dll) : warning LNK4006: __NULL_IMPORT_DESCRIPTOR already defined in SDL2.lib(SDL2.dll); second definition ignored
CEGUIBase-0.lib(CEGUIBase-0.dll) : warning LNK4006: __NULL_IMPORT_DESCRIPTOR already defined in SDL2.lib(SDL2.dll); second definition ignored
CEGUIOpenGLRenderer-0.lib(CEGUIOpenGLRenderer-0.dll) : warning LNK4006: __NULL_IMPORT_DESCRIPTOR already defined in SDL2.lib(SDL2.dll); second definition ignored
  MasaEngine.vcxproj -> C:\Users\803 7496\Documents\GitHub\RunAway\RunAway\Release\MasaEngine.lib
