c:\users\803 7496\desktop\runaway\masaengine\release\masaengine.pdb
c:\users\803 7496\desktop\runaway\masaengine\release\texturecache.obj
c:\users\803 7496\desktop\runaway\masaengine\release\spritefont.obj
c:\users\803 7496\desktop\runaway\masaengine\release\spritebatch.obj
c:\users\803 7496\desktop\runaway\masaengine\release\sprite.obj
c:\users\803 7496\desktop\runaway\masaengine\release\screenlist.obj
c:\users\803 7496\desktop\runaway\masaengine\release\resourcemanager.obj
c:\users\803 7496\desktop\runaway\masaengine\release\picopng.obj
c:\users\803 7496\desktop\runaway\masaengine\release\particleengine2d.obj
c:\users\803 7496\desktop\runaway\masaengine\release\particlebatch2d.obj
c:\users\803 7496\desktop\runaway\masaengine\release\masaengine.obj
c:\users\803 7496\desktop\runaway\masaengine\release\iomanager.obj
c:\users\803 7496\desktop\runaway\masaengine\release\inputmanager.obj
c:\users\803 7496\desktop\runaway\masaengine\release\imageloader.obj
c:\users\803 7496\desktop\runaway\masaengine\release\gl_sl_program.obj
c:\users\803 7496\desktop\runaway\masaengine\release\masaengineerror.obj
c:\users\803 7496\desktop\runaway\masaengine\release\imaingame.obj
c:\users\803 7496\desktop\runaway\masaengine\release\gui.obj
c:\users\803 7496\desktop\runaway\masaengine\release\debugrenderer.obj
c:\users\803 7496\desktop\runaway\masaengine\release\camera2d.obj
c:\users\803 7496\desktop\runaway\masaengine\release\audioengine.obj
c:\users\803 7496\desktop\runaway\masaengine\release\window.obj
c:\users\803 7496\desktop\runaway\masaengine\release\timing.obj
c:\users\803 7496\desktop\runaway\release\masaengine.lib
c:\users\803 7496\desktop\runaway\masaengine\release\masaengine.tlog\cl.command.1.tlog
c:\users\803 7496\desktop\runaway\masaengine\release\masaengine.tlog\cl.read.1.tlog
c:\users\803 7496\desktop\runaway\masaengine\release\masaengine.tlog\cl.write.1.tlog
c:\users\803 7496\desktop\runaway\masaengine\release\masaengine.tlog\lib-link.read.1.tlog
c:\users\803 7496\desktop\runaway\masaengine\release\masaengine.tlog\lib-link.write.1.tlog
c:\users\803 7496\desktop\runaway\masaengine\release\masaengine.tlog\lib.command.1.tlog
