c:\users\803 7496\desktop\runaway\runaway\release\vc140.pdb
c:\users\803 7496\desktop\runaway\runaway\release\wolf.obj
c:\users\803 7496\desktop\runaway\runaway\release\werewolf.obj
c:\users\803 7496\desktop\runaway\runaway\release\player.obj
c:\users\803 7496\desktop\runaway\runaway\release\orga.obj
c:\users\803 7496\desktop\runaway\runaway\release\mainmenuscreen.obj
c:\users\803 7496\desktop\runaway\runaway\release\main.obj
c:\users\803 7496\desktop\runaway\runaway\release\levelonescreen.obj
c:\users\803 7496\desktop\runaway\runaway\release\levelmanager.obj
c:\users\803 7496\desktop\runaway\runaway\release\app.obj
c:\users\803 7496\desktop\runaway\release\runaway.exe
c:\users\803 7496\desktop\runaway\release\runaway.ipdb
c:\users\803 7496\desktop\runaway\release\runaway.iobj
c:\users\803 7496\desktop\runaway\release\runaway.pdb
c:\users\803 7496\desktop\runaway\runaway\release\runaway.tlog\cl.command.1.tlog
c:\users\803 7496\desktop\runaway\runaway\release\runaway.tlog\cl.read.1.tlog
c:\users\803 7496\desktop\runaway\runaway\release\runaway.tlog\cl.write.1.tlog
c:\users\803 7496\desktop\runaway\runaway\release\runaway.tlog\link.command.1.tlog
c:\users\803 7496\desktop\runaway\runaway\release\runaway.tlog\link.read.1.tlog
c:\users\803 7496\desktop\runaway\runaway\release\runaway.tlog\link.write.1.tlog
